0 info it worked if it ends with ok
1 verbose cli [ '/usr/local/bin/node',
1 verbose cli   '/usr/local/bin/npm',
1 verbose cli   'install',
1 verbose cli   '-g',
1 verbose cli   'live-server' ]
2 info using npm@2.15.9
3 info using node@v4.6.0
4 verbose install initial load of /usr/local/lib/package.json
5 verbose readDependencies loading dependencies from /usr/local/lib/package.json
6 silly cache add args [ 'live-server', null ]
7 verbose cache add spec live-server
8 silly cache add parsed spec Result {
8 silly cache add   raw: 'live-server',
8 silly cache add   scope: null,
8 silly cache add   name: 'live-server',
8 silly cache add   rawSpec: '',
8 silly cache add   spec: 'latest',
8 silly cache add   type: 'tag' }
9 silly addNamed live-server@latest
10 verbose addNamed "latest" is being treated as a dist-tag for live-server
11 info addNameTag [ 'live-server', 'latest' ]
12 silly mapToRegistry name live-server
13 silly mapToRegistry using default registry
14 silly mapToRegistry registry https://registry.npmjs.org/
15 silly mapToRegistry data Result {
15 silly mapToRegistry   raw: 'live-server',
15 silly mapToRegistry   scope: null,
15 silly mapToRegistry   name: 'live-server',
15 silly mapToRegistry   rawSpec: '',
15 silly mapToRegistry   spec: 'latest',
15 silly mapToRegistry   type: 'tag' }
16 silly mapToRegistry uri https://registry.npmjs.org/live-server
17 verbose addNameTag registry:https://registry.npmjs.org/live-server not in flight; fetching
18 verbose request uri https://registry.npmjs.org/live-server
19 verbose request no auth needed
20 info attempt registry request try #1 at 2:59:19 PM
21 verbose request id e4e3ba66cfb6e2c8
22 http request GET https://registry.npmjs.org/live-server
23 http 200 https://registry.npmjs.org/live-server
24 verbose headers { server: 'CouchDB/1.5.0 (Erlang OTP/R16B03)',
24 verbose headers   etag: '"2ER6AQ1DNJN2KA6XIXU2OZDU4"',
24 verbose headers   'content-type': 'application/json',
24 verbose headers   'content-encoding': 'gzip',
24 verbose headers   'cache-control': 'max-age=300',
24 verbose headers   'content-length': '9592',
24 verbose headers   'accept-ranges': 'bytes',
24 verbose headers   date: 'Thu, 06 Oct 2016 19:59:19 GMT',
24 verbose headers   via: '1.1 varnish',
24 verbose headers   age: '178',
24 verbose headers   connection: 'keep-alive',
24 verbose headers   'x-served-by': 'cache-dfw1837-DFW',
24 verbose headers   'x-cache': 'HIT',
24 verbose headers   'x-cache-hits': '1',
24 verbose headers   'x-timer': 'S1475783959.660678,VS0,VE0',
24 verbose headers   vary: 'Accept-Encoding' }
25 silly get cb [ 200,
25 silly get   { server: 'CouchDB/1.5.0 (Erlang OTP/R16B03)',
25 silly get     etag: '"2ER6AQ1DNJN2KA6XIXU2OZDU4"',
25 silly get     'content-type': 'application/json',
25 silly get     'content-encoding': 'gzip',
25 silly get     'cache-control': 'max-age=300',
25 silly get     'content-length': '9592',
25 silly get     'accept-ranges': 'bytes',
25 silly get     date: 'Thu, 06 Oct 2016 19:59:19 GMT',
25 silly get     via: '1.1 varnish',
25 silly get     age: '178',
25 silly get     connection: 'keep-alive',
25 silly get     'x-served-by': 'cache-dfw1837-DFW',
25 silly get     'x-cache': 'HIT',
25 silly get     'x-cache-hits': '1',
25 silly get     'x-timer': 'S1475783959.660678,VS0,VE0',
25 silly get     vary: 'Accept-Encoding' } ]
26 verbose get saving live-server to /Users/zjremboldt/.npm/registry.npmjs.org/live-server/.cache.json
27 verbose correctMkdir /Users/zjremboldt/.npm correctMkdir not in flight; initializing
28 verbose makeDirectory /Users/zjremboldt/.npm creation not in flight; initializing
29 silly makeDirectory /Users/zjremboldt/.npm uid: 1521924074 gid: 1737341748
30 silly addNameTag next cb for live-server with tag latest
31 silly addNamed live-server@1.1.0
32 verbose addNamed "1.1.0" is a plain semver version for live-server
33 silly mapToRegistry name live-server
34 silly mapToRegistry using default registry
35 silly mapToRegistry registry https://registry.npmjs.org/
36 silly mapToRegistry data Result {
36 silly mapToRegistry   raw: 'live-server',
36 silly mapToRegistry   scope: null,
36 silly mapToRegistry   name: 'live-server',
36 silly mapToRegistry   rawSpec: '',
36 silly mapToRegistry   spec: 'latest',
36 silly mapToRegistry   type: 'tag' }
37 silly mapToRegistry uri https://registry.npmjs.org/live-server
38 verbose addRemoteTarball https://registry.npmjs.org/live-server/-/live-server-1.1.0.tgz not in flight; adding
39 verbose addRemoteTarball [ 'https://registry.npmjs.org/live-server/-/live-server-1.1.0.tgz',
39 verbose addRemoteTarball   'a69f0e6ca581e0391aa57941970e17c308dd4869' ]
40 info retry fetch attempt 1 at 2:59:19 PM
41 info attempt registry request try #1 at 2:59:19 PM
42 http fetch GET https://registry.npmjs.org/live-server/-/live-server-1.1.0.tgz
43 http fetch 200 https://registry.npmjs.org/live-server/-/live-server-1.1.0.tgz
44 silly fetchAndShaCheck shasum a69f0e6ca581e0391aa57941970e17c308dd4869
45 verbose addTmpTarball /var/folders/v_/vbgtlb716hgbf0_3r8wkjf0jdbddz_/T/npm-29911-39ac3700/registry.npmjs.org/live-server/-/live-server-1.1.0.tgz not in flight; adding
46 verbose addTmpTarball already have metadata; skipping unpack for live-server@1.1.0
47 verbose correctMkdir /Users/zjremboldt/.npm correctMkdir not in flight; initializing
48 silly cache afterAdd live-server@1.1.0
49 verbose afterAdd /Users/zjremboldt/.npm/live-server/1.1.0/package/package.json not in flight; writing
50 verbose correctMkdir /Users/zjremboldt/.npm correctMkdir not in flight; initializing
51 verbose afterAdd /Users/zjremboldt/.npm/live-server/1.1.0/package/package.json written
52 silly install resolved [ { name: 'live-server',
52 silly install resolved     version: '1.1.0',
52 silly install resolved     description: 'simple development http server with live reload capability',
52 silly install resolved     keywords: [ 'front-end', 'development', 'tool', 'server', 'http', 'cli' ],
52 silly install resolved     author: { name: 'Tapio Vierros' },
52 silly install resolved     dependencies:
52 silly install resolved      { colors: 'latest',
52 silly install resolved        connect: '3.4.x',
52 silly install resolved        cors: 'latest',
52 silly install resolved        'event-stream': 'latest',
52 silly install resolved        'faye-websocket': '0.11.x',
52 silly install resolved        'http-auth': '2.4.x',
52 silly install resolved        morgan: '^1.6.1',
52 silly install resolved        'object-assign': 'latest',
52 silly install resolved        opn: 'latest',
52 silly install resolved        'proxy-middleware': 'latest',
52 silly install resolved        send: 'latest',
52 silly install resolved        'serve-index': '^1.7.2',
52 silly install resolved        watchr: '2.6.x' },
52 silly install resolved     devDependencies:
52 silly install resolved      { mocha: '^2.3.3',
52 silly install resolved        supertest: '^1.0.1',
52 silly install resolved        eslint: '^2.8.0',
52 silly install resolved        jshint: '^2.9.2' },
52 silly install resolved     scripts:
52 silly install resolved      { lint: 'eslint live-server.js index.js',
52 silly install resolved        hint: 'jshint live-server.js index.js',
52 silly install resolved        test: 'mocha test && npm run lint' },
52 silly install resolved     bin: { 'live-server': './live-server.js' },
52 silly install resolved     repository:
52 silly install resolved      { type: 'git',
52 silly install resolved        url: 'git+https://github.com/tapio/live-server.git' },
52 silly install resolved     engines: { node: '>=0.10.0' },
52 silly install resolved     preferGlobal: true,
52 silly install resolved     license: 'MIT',
52 silly install resolved     eslintConfig: { env: [Object], rules: [Object] },
52 silly install resolved     gitHead: 'e1cfee72efd7d96f9e68e51d487f5adfad9ffbee',
52 silly install resolved     bugs: { url: 'https://github.com/tapio/live-server/issues' },
52 silly install resolved     homepage: 'https://github.com/tapio/live-server#readme',
52 silly install resolved     _id: 'live-server@1.1.0',
52 silly install resolved     _shasum: 'a69f0e6ca581e0391aa57941970e17c308dd4869',
52 silly install resolved     _from: 'live-server@latest',
52 silly install resolved     _npmVersion: '2.15.8',
52 silly install resolved     _nodeVersion: '4.4.7',
52 silly install resolved     _npmUser: { name: 'tapio', email: 'tapiovierros@gmail.com' },
52 silly install resolved     maintainers: [ [Object] ],
52 silly install resolved     dist:
52 silly install resolved      { shasum: 'a69f0e6ca581e0391aa57941970e17c308dd4869',
52 silly install resolved        tarball: 'https://registry.npmjs.org/live-server/-/live-server-1.1.0.tgz' },
52 silly install resolved     _npmOperationalInternal:
52 silly install resolved      { host: 'packages-16-east.internal.npmjs.com',
52 silly install resolved        tmp: 'tmp/live-server-1.1.0.tgz_1471184212826_0.7530093262903392' },
52 silly install resolved     directories: {},
52 silly install resolved     _resolved: 'https://registry.npmjs.org/live-server/-/live-server-1.1.0.tgz' } ]
53 info install live-server@1.1.0 into /usr/local/lib
54 info installOne live-server@1.1.0
55 verbose installOne of live-server to /usr/local/lib not in flight; installing
56 verbose correctMkdir /Users/zjremboldt/.npm/_locks correctMkdir not in flight; initializing
57 verbose makeDirectory /Users/zjremboldt/.npm/_locks creation not in flight; initializing
58 silly makeDirectory /Users/zjremboldt/.npm/_locks uid: 1521924074 gid: 1737341748
59 verbose lock using /Users/zjremboldt/.npm/_locks/live-server-1932c27c2adeb129.lock for /usr/local/lib/node_modules/live-server
60 silly install write writing live-server 1.1.0 to /usr/local/lib/node_modules/live-server
61 verbose unbuild lib/node_modules/live-server
62 silly gentlyRm /usr/local/lib/node_modules/live-server is being purged from base /usr/local
63 verbose gentlyRm don't care about contents; nuking /usr/local/lib/node_modules/live-server
64 verbose tar unpack /Users/zjremboldt/.npm/live-server/1.1.0/package.tgz
65 verbose tar unpacking to /usr/local/lib/node_modules/live-server
66 silly gentlyRm /usr/local/lib/node_modules/live-server is being purged
67 verbose gentlyRm don't care about contents; nuking /usr/local/lib/node_modules/live-server
68 silly gunzTarPerm modes [ '755', '644' ]
69 error tar.unpack untar error /Users/zjremboldt/.npm/live-server/1.1.0/package.tgz
70 verbose unlock done using /Users/zjremboldt/.npm/_locks/live-server-1932c27c2adeb129.lock for /usr/local/lib/node_modules/live-server
71 verbose fstream_path /usr/local/lib/node_modules/live-server
72 verbose fstream_type Directory
73 verbose fstream_class DirWriter
74 verbose stack Error: EACCES: permission denied, mkdir '/usr/local/lib/node_modules/live-server'
74 verbose stack     at Error (native)
75 verbose fstream_stack /usr/local/lib/node_modules/npm/node_modules/fstream/lib/dir-writer.js:35:25
75 verbose fstream_stack /usr/local/lib/node_modules/npm/node_modules/mkdirp/index.js:47:53
75 verbose fstream_stack FSReqWrap.oncomplete (fs.js:82:15)
76 verbose cwd /Users/zjremboldt/Creative Cloud Files/Web - Programming/Learning Projects/Krista's Site/Site-for-Krista/styles
77 error Darwin 15.6.0
78 error argv "/usr/local/bin/node" "/usr/local/bin/npm" "install" "-g" "live-server"
79 error node v4.6.0
80 error npm  v2.15.9
81 error path /usr/local/lib/node_modules/live-server
82 error code EACCES
83 error errno -13
84 error syscall mkdir
85 error Error: EACCES: permission denied, mkdir '/usr/local/lib/node_modules/live-server'
85 error     at Error (native)
85 error  { [Error: EACCES: permission denied, mkdir '/usr/local/lib/node_modules/live-server']
85 error   errno: -13,
85 error   code: 'EACCES',
85 error   syscall: 'mkdir',
85 error   path: '/usr/local/lib/node_modules/live-server',
85 error   fstream_type: 'Directory',
85 error   fstream_path: '/usr/local/lib/node_modules/live-server',
85 error   fstream_class: 'DirWriter',
85 error   fstream_stack:
85 error    [ '/usr/local/lib/node_modules/npm/node_modules/fstream/lib/dir-writer.js:35:25',
85 error      '/usr/local/lib/node_modules/npm/node_modules/mkdirp/index.js:47:53',
85 error      'FSReqWrap.oncomplete (fs.js:82:15)' ] }
86 error Please try running this command again as root/Administrator.
87 verbose exit [ -13, true ]
88 verbose unbuild lib/node_modules/live-server
89 silly gentlyRm /usr/local/lib/node_modules/live-server is being purged from base /usr/local
90 verbose gentlyRm don't care about contents; nuking /usr/local/lib/node_modules/live-server
